============================= test session starts =============================
platform win32 -- Python 3.13.12, pytest-9.0.2, pluggy-1.6.0
rootdir: C:\playground\app\alphalab
collected 6 items

tests\test_all_strategies_regression.py F....                            [ 83%]
tests\test_performance.py F                                              [100%]

================================== FAILURES ===================================
_______________________ test_market_breadth_regression ________________________

    def test_market_breadth_regression():
        params = {
            "ticker": "TQQQ", "initial_capital": 100000.0, "cash_floor_pct": 0.2,
            "rebalance_pct": 1.0, "starting_cash_pct": 1.0, "cash_yield_apr": 0.0,
            "benchmark_symbol": "SPY", "slippage_bps": 5.0, "commission": 0.0,
            "end_date": REFERENCE_END_DATE
        }
        result = run_breadth_backtest(**params)
>       verify_performance(result, BASELINES["Market Breadth"], "Market Breadth")

tests\test_all_strategies_regression.py:90: 
_ _ _ _ _ _ _ _ _ _ _ _ _ _ _ _ _ _ _ _ _ _ _ _ _ _ _ _ _ _ _ _ _ _ _ _ _ _ _ _

result = BacktestResult(df_results=                Strategy            BH  ...  Sell_Trigger       ret
Date                    ...47), 'Status': 'CLOSED', 'Entry_Equity': np.float64(8113469.714023429), 'Entry_Value': np.float64(6088940.140490329)}})
baseline = {'expected_cagr': '33.66%', 'expected_mdd': '-37.49%', 'expected_trades': 29}
strategy_name = 'Market Breadth'

    def verify_performance(result, baseline, strategy_name):
        df = result.df_results
        trade_log = result.trade_log
    
        strat_rets = df['ret'].dropna()
        bench_rets = df['BH'].pct_change().dropna()
    
        # NEW SCHEMA CHECK: Ensure HWM is present for the new heatmap
        assert 'HWM' in df.columns, f"{strategy_name} missing 'HWM' column in results!"
    
        metrics = reporting.calculate_pv_metrics(strat_rets, bench_rets, df['Strategy'])
    
        actual_cagr = f"{metrics.get('GM_A', 0)*100:.2f}%"
        actual_mdd = f"{metrics.get('MDD', 0)*100:.2f}%"
    
        # COUNTING LOGIC (Strategic Only) - Matches reporting logic
        strategic_trades_list = [t for t in trade_log.to_dict('records') if t.get('Status') != 'FLOOR REFILL']
        actual_trades = len(strategic_trades_list)
    
>       assert actual_trades == baseline["expected_trades"], \
            f"{strategy_name} Trades error! Expected {baseline['expected_trades']}, got {actual_trades}"
E       AssertionError: Market Breadth Trades error! Expected 29, got 28
E       assert 28 == 29

tests\test_all_strategies_regression.py:75: AssertionError
---------------------------- Captured stderr call -----------------------------
2026-02-23 18:15:40.967 WARNING streamlit.runtime.caching.cache_data_api: No runtime found, using MemoryCacheStorageManager
_______________________ test_moving_average_performance _______________________

    def test_moving_average_performance():
        """
        Regression test for the Moving Average Strategy.
        Ensures that the core performance metrics remain consistent.
        """
        print("Running Moving Average Regression Test...")
    
        # Run with standard default parameters
        # Symbol: TQQQ, Start: 2010-02-11, Cap: 10000, SMA: 11 mo, Monthly
>       result = run_moving_average_strategy(
            symbol_val="TQQQ",
            start_date_val=pd.to_datetime("2010-02-11").date(),
            initial_capital_val=10000.0,
            lookback_period_months=11,
            eval_frequency="Monthly"
        )
E       TypeError: run_moving_average_strategy() missing 1 required positional argument: 'cash_yield_apr'

tests\test_performance.py:21: TypeError
---------------------------- Captured stdout call -----------------------------
Running Moving Average Regression Test...
=========================== short test summary info ===========================
FAILED tests/test_all_strategies_regression.py::test_market_breadth_regression
FAILED tests/test_performance.py::test_moving_average_performance - TypeError...
======================== 2 failed, 4 passed in 14.80s =========================
